<?xml version="1.0" encoding="UTF-8"?>
<beans:beans xmlns="http://www.springframework.org/schema/batch"
             xmlns:beans="http://www.springframework.org/schema/beans"
             xmlns:aop="http://www.springframework.org/schema/aop"
             xmlns:tx="http://www.springframework.org/schema/tx"
             xmlns:p="http://www.springframework.org/schema/p"
             xmlns:xsi="http://www.w3.org/2001/XMLSchema-instance"
             xsi:schemaLocation="
		http://www.springframework.org/schema/beans http://www.springframework.org/schema/beans/spring-beans-2.0.xsd
		http://www.springframework.org/schema/batch http://www.springframework.org/schema/batch/spring-batch-2.0.xsd
		http://www.springframework.org/schema/aop http://www.springframework.org/schema/aop/spring-aop-2.0.xsd
		http://www.springframework.org/schema/tx http://www.springframework.org/schema/tx/spring-tx-2.0.xsd">

    <beans:import resource="data-source.xml"/>

    <job id="testJob" job-repository="jobRepository" restartable="true">
        <step name="testStep">
            <tasklet reader="itemReader" writer="itemWriter"
                     commit-interval="5"/>
        </step>
    </job>

    <job-repository id="jobRepository" data-source="dataSource" table-prefix="BATCH_"/>

    <beans:bean id="jobLauncher" class="org.springframework.batch.core.launch.support.SimpleJobLauncher">
        <beans:property name="jobRepository" ref="jobRepository"/>
        <beans:property name="taskExecutor">
            <beans:bean class="org.springframework.core.task.SimpleAsyncTaskExecutor"/>
        </beans:property>
    </beans:bean>

    <beans:bean id="itemReader" class="com.griddynamics.spring.batch.test.TestItemReader"/>

    <beans:bean id="itemWriter" class="com.griddynamics.spring.batch.test.TestItemWriter"/>



</beans:beans>